<?xml version="1.0" encoding="UTF-8"?>
<testsuite xmlns:xsi="http://www.w3.org/2001/XMLSchema-instance" xsi:noNamespaceSchemaLocation="https://maven.apache.org/surefire/maven-surefire-plugin/xsd/surefire-test-report-3.0.xsd" version="3.0" name="pe.gob.midagri.piip.tipodocumento.service.impl.TipoDocumentoServiceImplTest" time="0.852" tests="2" errors="0" skipped="0" failures="0">
  <properties>
[...]
</properties>
  <testcase name="findByIdRejectsAnUnknownCatalogEntry" classname="pe.gob.midagri.piip.tipodocumento.service.impl.TipoDocumentoServiceImplTest" time="0.794">
    <system-err><![CDATA[WARNING: A Java agent has been loaded dynamically (/home/rovidev/.m2/repository/net/bytebuddy/byte-buddy-agent/1.14.13/byte-buddy-agent-1.14.13.jar)
WARNING: If a serviceability tool is in use, please run with -XX:+EnableDynamicAgentLoading to hide this warning
WARNING: If a serviceability tool is not in use, please run with -Djdk.instrument.traceUsage for more information
WARNING: Dynamic loading of agents will be disallowed by default in a future release
]]></system-err>
  </testcase>
  <testcase name="findAllReturnsMappedCatalogEntries" classname="pe.gob.midagri.piip.tipodocumento.service.impl.TipoDocumentoServiceImplTest" time="0.03"/>
</testsuite>